<?xml version="1.0" encoding="UTF-8"?>
<testsuite name="linkedlist.LinkedListTest" tests="1" skipped="0" failures="0" errors="0" timestamp="2021-05-02T13:20:03" hostname="MRUNAL" time="0.03">
  <properties/>
  <testcase name="given3number_WhenDeletelast_ShouldPass()" classname="linkedlist.LinkedListTest" time="0.03"/>
  <system-out><![CDATA[Nodes:56->3070
]]></system-out>
  <system-err><![CDATA[]]></system-err>
</testsuite>
