<?xml version="1.0" encoding="UTF-8"?>
<testsuite name="linkedlist.NodeTest" tests="1" skipped="0" failures="0" errors="0" timestamp="2021-05-02T10:26:49" hostname="MRUNAL" time="0.03">
  <properties/>
  <testcase name="given3number_WhenlinkedList_ShouldPass()" classname="linkedlist.NodeTest" time="0.03"/>
  <system-out><![CDATA[]]></system-out>
  <system-err><![CDATA[]]></system-err>
</testsuite>
